2023-11-19 12:03:54 [restartedMain] INFO  c.e.rbac_back.RbacBackApplication - Starting RbacBackApplication using Java 1.8.0_291 on LAPTOP-EKO8NL36 with PID 25692 (C:\Users\14324\Desktop\code\WebPrj\rbac-system\rbac_back\target\classes started by 14324 in C:\Users\14324\Desktop\code\WebPrj\rbac-system\rbac_back)
2023-11-19 12:03:54 [restartedMain] INFO  c.e.rbac_back.RbacBackApplication - The following 1 profile is active: "local"
2023-11-19 12:03:54 [restartedMain] INFO  o.s.b.d.e.DevToolsPropertyDefaultsPostProcessor - Devtools property defaults active! Set 'spring.devtools.add-properties' to 'false' to disable
2023-11-19 12:03:54 [restartedMain] INFO  o.s.b.d.e.DevToolsPropertyDefaultsPostProcessor - For additional web related logging consider setting the 'logging.level.web' property to 'DEBUG'
2023-11-19 12:03:55 [restartedMain] INFO  o.s.d.r.c.RepositoryConfigurationDelegate - Multiple Spring Data modules found, entering strict repository configuration mode
2023-11-19 12:03:55 [restartedMain] INFO  o.s.d.r.c.RepositoryConfigurationDelegate - Bootstrapping Spring Data Redis repositories in DEFAULT mode.
2023-11-19 12:03:55 [restartedMain] INFO  o.s.d.r.c.RepositoryConfigurationDelegate - Finished Spring Data repository scanning in 11 ms. Found 0 Redis repository interfaces.
2023-11-19 12:03:55 [restartedMain] INFO  o.s.b.w.e.tomcat.TomcatWebServer - Tomcat initialized with port(s): 8081 (http)
2023-11-19 12:03:55 [restartedMain] INFO  o.a.catalina.core.StandardService - Starting service [Tomcat]
2023-11-19 12:03:55 [restartedMain] INFO  o.a.catalina.core.StandardEngine - Starting Servlet engine: [Apache Tomcat/9.0.82]
2023-11-19 12:03:55 [restartedMain] INFO  o.a.c.c.C.[Tomcat].[localhost].[/] - Initializing Spring embedded WebApplicationContext
2023-11-19 12:03:55 [restartedMain] INFO  o.s.b.w.s.c.ServletWebServerApplicationContext - Root WebApplicationContext: initialization completed in 1637 ms
2023-11-19 12:03:56 [restartedMain] INFO  o.s.b.d.a.OptionalLiveReloadServer - LiveReload server is running on port 35729
2023-11-19 12:03:56 [restartedMain] INFO  o.s.b.w.e.tomcat.TomcatWebServer - Tomcat started on port(s): 8081 (http) with context path ''
2023-11-19 12:03:57 [restartedMain] INFO  c.e.rbac_back.RbacBackApplication - Started RbacBackApplication in 3.317 seconds (JVM running for 5.271)
2023-11-19 16:25:09 [restartedMain] INFO  c.e.rbac_back.RbacBackApplication - Starting RbacBackApplication using Java 1.8.0_291 on LAPTOP-EKO8NL36 with PID 23744 (C:\Users\14324\Desktop\code\WebPrj\rbac-system\rbac_back\target\classes started by 14324 in C:\Users\14324\Desktop\code\WebPrj\rbac-system\rbac_back)
2023-11-19 16:25:09 [restartedMain] INFO  c.e.rbac_back.RbacBackApplication - The following 1 profile is active: "local"
2023-11-19 16:25:09 [restartedMain] INFO  o.s.b.d.e.DevToolsPropertyDefaultsPostProcessor - Devtools property defaults active! Set 'spring.devtools.add-properties' to 'false' to disable
2023-11-19 16:25:09 [restartedMain] INFO  o.s.b.d.e.DevToolsPropertyDefaultsPostProcessor - For additional web related logging consider setting the 'logging.level.web' property to 'DEBUG'
2023-11-19 16:25:10 [restartedMain] INFO  o.s.d.r.c.RepositoryConfigurationDelegate - Multiple Spring Data modules found, entering strict repository configuration mode
2023-11-19 16:25:10 [restartedMain] INFO  o.s.d.r.c.RepositoryConfigurationDelegate - Bootstrapping Spring Data Redis repositories in DEFAULT mode.
2023-11-19 16:25:11 [restartedMain] INFO  o.s.d.r.c.RepositoryConfigurationDelegate - Finished Spring Data repository scanning in 17 ms. Found 0 Redis repository interfaces.
2023-11-19 16:25:11 [restartedMain] INFO  o.s.b.w.e.tomcat.TomcatWebServer - Tomcat initialized with port(s): 8081 (http)
2023-11-19 16:25:11 [restartedMain] INFO  o.a.catalina.core.StandardService - Starting service [Tomcat]
2023-11-19 16:25:11 [restartedMain] INFO  o.a.catalina.core.StandardEngine - Starting Servlet engine: [Apache Tomcat/9.0.82]
2023-11-19 16:25:12 [restartedMain] INFO  o.a.c.c.C.[Tomcat].[localhost].[/] - Initializing Spring embedded WebApplicationContext
2023-11-19 16:25:12 [restartedMain] INFO  o.s.b.w.s.c.ServletWebServerApplicationContext - Root WebApplicationContext: initialization completed in 2087 ms
2023-11-19 16:25:13 [restartedMain] INFO  o.s.b.d.a.OptionalLiveReloadServer - LiveReload server is running on port 35729
2023-11-19 16:25:13 [restartedMain] INFO  o.s.b.w.e.tomcat.TomcatWebServer - Tomcat started on port(s): 8081 (http) with context path ''
2023-11-19 16:25:13 [restartedMain] INFO  c.e.rbac_back.RbacBackApplication - Started RbacBackApplication in 4.311 seconds (JVM running for 6.364)
2023-11-19 16:25:34 [http-nio-8081-exec-1] INFO  o.a.c.c.C.[Tomcat].[localhost].[/] - Initializing Spring DispatcherServlet 'dispatcherServlet'
2023-11-19 16:25:34 [http-nio-8081-exec-1] INFO  o.s.web.servlet.DispatcherServlet - Initializing Servlet 'dispatcherServlet'
2023-11-19 16:25:34 [http-nio-8081-exec-1] INFO  o.s.web.servlet.DispatcherServlet - Completed initialization in 1 ms
2023-11-19 16:28:12 [restartedMain] INFO  c.e.rbac_back.RbacBackApplication - Starting RbacBackApplication using Java 1.8.0_291 on LAPTOP-EKO8NL36 with PID 29132 (C:\Users\14324\Desktop\code\WebPrj\rbac-system\rbac_back\target\classes started by 14324 in C:\Users\14324\Desktop\code\WebPrj\rbac-system\rbac_back)
2023-11-19 16:28:12 [restartedMain] INFO  c.e.rbac_back.RbacBackApplication - The following 1 profile is active: "local"
2023-11-19 16:28:12 [restartedMain] INFO  o.s.b.d.e.DevToolsPropertyDefaultsPostProcessor - Devtools property defaults active! Set 'spring.devtools.add-properties' to 'false' to disable
2023-11-19 16:28:12 [restartedMain] INFO  o.s.b.d.e.DevToolsPropertyDefaultsPostProcessor - For additional web related logging consider setting the 'logging.level.web' property to 'DEBUG'
2023-11-19 16:28:13 [restartedMain] INFO  o.s.d.r.c.RepositoryConfigurationDelegate - Multiple Spring Data modules found, entering strict repository configuration mode
2023-11-19 16:28:13 [restartedMain] INFO  o.s.d.r.c.RepositoryConfigurationDelegate - Bootstrapping Spring Data Redis repositories in DEFAULT mode.
2023-11-19 16:28:13 [restartedMain] INFO  o.s.d.r.c.RepositoryConfigurationDelegate - Finished Spring Data repository scanning in 12 ms. Found 0 Redis repository interfaces.
2023-11-19 16:28:14 [restartedMain] INFO  o.s.b.w.e.tomcat.TomcatWebServer - Tomcat initialized with port(s): 8081 (http)
2023-11-19 16:28:14 [restartedMain] INFO  o.a.catalina.core.StandardService - Starting service [Tomcat]
2023-11-19 16:28:14 [restartedMain] INFO  o.a.catalina.core.StandardEngine - Starting Servlet engine: [Apache Tomcat/9.0.82]
2023-11-19 16:28:14 [restartedMain] INFO  o.a.c.c.C.[Tomcat].[localhost].[/] - Initializing Spring embedded WebApplicationContext
2023-11-19 16:28:14 [restartedMain] INFO  o.s.b.w.s.c.ServletWebServerApplicationContext - Root WebApplicationContext: initialization completed in 1574 ms
2023-11-19 16:28:15 [restartedMain] INFO  o.s.b.d.a.OptionalLiveReloadServer - LiveReload server is running on port 35729
2023-11-19 16:28:15 [restartedMain] INFO  o.s.b.w.e.tomcat.TomcatWebServer - Tomcat started on port(s): 8081 (http) with context path ''
2023-11-19 16:28:15 [restartedMain] INFO  c.e.rbac_back.RbacBackApplication - Started RbacBackApplication in 3.334 seconds (JVM running for 5.174)
2023-11-19 16:29:04 [http-nio-8081-exec-1] INFO  o.a.c.c.C.[Tomcat].[localhost].[/] - Initializing Spring DispatcherServlet 'dispatcherServlet'
2023-11-19 16:29:04 [http-nio-8081-exec-1] INFO  o.s.web.servlet.DispatcherServlet - Initializing Servlet 'dispatcherServlet'
2023-11-19 16:29:04 [http-nio-8081-exec-1] INFO  o.s.web.servlet.DispatcherServlet - Completed initialization in 1 ms
2023-11-19 16:29:04 [http-nio-8081-exec-1] INFO  com.zaxxer.hikari.HikariDataSource - HikariPool-1 - Starting...
2023-11-19 16:29:05 [http-nio-8081-exec-1] INFO  com.zaxxer.hikari.HikariDataSource - HikariPool-1 - Start completed.
2023-11-19 16:29:41 [SpringApplicationShutdownHook] INFO  com.zaxxer.hikari.HikariDataSource - HikariPool-1 - Shutdown initiated...
2023-11-19 16:29:41 [SpringApplicationShutdownHook] INFO  com.zaxxer.hikari.HikariDataSource - HikariPool-1 - Shutdown completed.
2023-11-19 16:29:45 [restartedMain] INFO  c.e.rbac_back.RbacBackApplication - Starting RbacBackApplication using Java 1.8.0_291 on LAPTOP-EKO8NL36 with PID 6564 (C:\Users\14324\Desktop\code\WebPrj\rbac-system\rbac_back\target\classes started by 14324 in C:\Users\14324\Desktop\code\WebPrj\rbac-system\rbac_back)
2023-11-19 16:29:45 [restartedMain] INFO  c.e.rbac_back.RbacBackApplication - The following 1 profile is active: "local"
2023-11-19 16:29:45 [restartedMain] INFO  o.s.b.d.e.DevToolsPropertyDefaultsPostProcessor - Devtools property defaults active! Set 'spring.devtools.add-properties' to 'false' to disable
2023-11-19 16:29:45 [restartedMain] INFO  o.s.b.d.e.DevToolsPropertyDefaultsPostProcessor - For additional web related logging consider setting the 'logging.level.web' property to 'DEBUG'
2023-11-19 16:29:46 [restartedMain] INFO  o.s.d.r.c.RepositoryConfigurationDelegate - Multiple Spring Data modules found, entering strict repository configuration mode
2023-11-19 16:29:46 [restartedMain] INFO  o.s.d.r.c.RepositoryConfigurationDelegate - Bootstrapping Spring Data Redis repositories in DEFAULT mode.
2023-11-19 16:29:46 [restartedMain] INFO  o.s.d.r.c.RepositoryConfigurationDelegate - Finished Spring Data repository scanning in 12 ms. Found 0 Redis repository interfaces.
2023-11-19 16:29:47 [restartedMain] INFO  o.s.b.w.e.tomcat.TomcatWebServer - Tomcat initialized with port(s): 8081 (http)
2023-11-19 16:29:47 [restartedMain] INFO  o.a.catalina.core.StandardService - Starting service [Tomcat]
2023-11-19 16:29:47 [restartedMain] INFO  o.a.catalina.core.StandardEngine - Starting Servlet engine: [Apache Tomcat/9.0.82]
2023-11-19 16:29:47 [restartedMain] INFO  o.a.c.c.C.[Tomcat].[localhost].[/] - Initializing Spring embedded WebApplicationContext
2023-11-19 16:29:47 [restartedMain] INFO  o.s.b.w.s.c.ServletWebServerApplicationContext - Root WebApplicationContext: initialization completed in 1710 ms
2023-11-19 16:29:48 [restartedMain] INFO  o.s.b.d.a.OptionalLiveReloadServer - LiveReload server is running on port 35729
2023-11-19 16:29:48 [restartedMain] INFO  o.s.b.w.e.tomcat.TomcatWebServer - Tomcat started on port(s): 8081 (http) with context path ''
2023-11-19 16:29:48 [restartedMain] INFO  c.e.rbac_back.RbacBackApplication - Started RbacBackApplication in 3.852 seconds (JVM running for 6.005)
2023-11-19 16:29:58 [http-nio-8081-exec-2] INFO  o.a.c.c.C.[Tomcat].[localhost].[/] - Initializing Spring DispatcherServlet 'dispatcherServlet'
2023-11-19 16:29:58 [http-nio-8081-exec-2] INFO  o.s.web.servlet.DispatcherServlet - Initializing Servlet 'dispatcherServlet'
2023-11-19 16:29:58 [http-nio-8081-exec-2] INFO  o.s.web.servlet.DispatcherServlet - Completed initialization in 0 ms
2023-11-19 16:29:59 [http-nio-8081-exec-2] INFO  com.zaxxer.hikari.HikariDataSource - HikariPool-1 - Starting...
2023-11-19 16:30:00 [http-nio-8081-exec-2] INFO  com.zaxxer.hikari.HikariDataSource - HikariPool-1 - Start completed.
2023-11-19 16:47:29 [SpringApplicationShutdownHook] INFO  com.zaxxer.hikari.HikariDataSource - HikariPool-1 - Shutdown initiated...
2023-11-19 16:47:29 [SpringApplicationShutdownHook] INFO  com.zaxxer.hikari.HikariDataSource - HikariPool-1 - Shutdown completed.
2023-11-19 16:47:38 [restartedMain] INFO  c.e.rbac_back.RbacBackApplication - Starting RbacBackApplication using Java 1.8.0_291 on LAPTOP-EKO8NL36 with PID 3152 (C:\Users\14324\Desktop\code\WebPrj\rbac-system\rbac_back\target\classes started by 14324 in C:\Users\14324\Desktop\code\WebPrj\rbac-system\rbac_back)
2023-11-19 16:47:38 [restartedMain] INFO  c.e.rbac_back.RbacBackApplication - The following 1 profile is active: "local"
2023-11-19 16:47:38 [restartedMain] INFO  o.s.b.d.e.DevToolsPropertyDefaultsPostProcessor - Devtools property defaults active! Set 'spring.devtools.add-properties' to 'false' to disable
2023-11-19 16:47:38 [restartedMain] INFO  o.s.b.d.e.DevToolsPropertyDefaultsPostProcessor - For additional web related logging consider setting the 'logging.level.web' property to 'DEBUG'
2023-11-19 16:47:39 [restartedMain] INFO  o.s.d.r.c.RepositoryConfigurationDelegate - Multiple Spring Data modules found, entering strict repository configuration mode
2023-11-19 16:47:39 [restartedMain] INFO  o.s.d.r.c.RepositoryConfigurationDelegate - Bootstrapping Spring Data Redis repositories in DEFAULT mode.
2023-11-19 16:47:39 [restartedMain] INFO  o.s.d.r.c.RepositoryConfigurationDelegate - Finished Spring Data repository scanning in 11 ms. Found 0 Redis repository interfaces.
2023-11-19 16:47:40 [restartedMain] INFO  o.s.b.w.e.tomcat.TomcatWebServer - Tomcat initialized with port(s): 8081 (http)
2023-11-19 16:47:40 [restartedMain] INFO  o.a.catalina.core.StandardService - Starting service [Tomcat]
2023-11-19 16:47:40 [restartedMain] INFO  o.a.catalina.core.StandardEngine - Starting Servlet engine: [Apache Tomcat/9.0.82]
2023-11-19 16:47:40 [restartedMain] INFO  o.a.c.c.C.[Tomcat].[localhost].[/] - Initializing Spring embedded WebApplicationContext
2023-11-19 16:47:40 [restartedMain] INFO  o.s.b.w.s.c.ServletWebServerApplicationContext - Root WebApplicationContext: initialization completed in 1584 ms
2023-11-19 16:47:41 [restartedMain] INFO  o.s.b.d.a.OptionalLiveReloadServer - LiveReload server is running on port 35729
2023-11-19 16:47:41 [restartedMain] INFO  o.s.b.w.e.tomcat.TomcatWebServer - Tomcat started on port(s): 8081 (http) with context path ''
2023-11-19 16:47:41 [restartedMain] INFO  c.e.rbac_back.RbacBackApplication - Started RbacBackApplication in 3.264 seconds (JVM running for 4.939)
2023-11-19 16:48:16 [http-nio-8081-exec-2] INFO  o.a.c.c.C.[Tomcat].[localhost].[/] - Initializing Spring DispatcherServlet 'dispatcherServlet'
2023-11-19 16:48:16 [http-nio-8081-exec-2] INFO  o.s.web.servlet.DispatcherServlet - Initializing Servlet 'dispatcherServlet'
2023-11-19 16:48:16 [http-nio-8081-exec-2] INFO  o.s.web.servlet.DispatcherServlet - Completed initialization in 1 ms
2023-11-19 16:48:17 [http-nio-8081-exec-2] INFO  com.zaxxer.hikari.HikariDataSource - HikariPool-1 - Starting...
2023-11-19 16:48:18 [http-nio-8081-exec-2] INFO  com.zaxxer.hikari.HikariDataSource - HikariPool-1 - Start completed.
